\BOOKMARK [0][]{chapter.1}{1 简介}{}% 1
\BOOKMARK [1][]{section.1.1}{1.1 基于内容的图像检索技术}{chapter.1}% 2
\BOOKMARK [2][]{subsection.1.1.1}{1.1.1 相同物体图像检索}{section.1.1}% 3
\BOOKMARK [2][]{subsection.1.1.2}{1.1.2 相同类别图像检索}{section.1.1}% 4
\BOOKMARK [2][]{subsection.1.1.3}{1.1.3 大规模图像检索特点}{section.1.1}% 5
\BOOKMARK [0][]{chapter.2}{2 Python及需要的安装包}{}% 6
\BOOKMARK [1][]{section.2.1}{2.1 NumPy和SciPy}{chapter.2}% 7
\BOOKMARK [2][]{subsection.2.1.1}{2.1.1\040Windows}{section.2.1}% 8
\BOOKMARK [2][]{subsection.2.1.2}{2.1.2\040OSX}{section.2.1}% 9
\BOOKMARK [2][]{subsection.2.1.3}{2.1.3\040Linux}{section.2.1}% 10
\BOOKMARK [1][]{section.2.2}{2.2\040Matplotlib}{chapter.2}% 11
\BOOKMARK [2][]{subsection.2.2.1}{2.2.1 全平台}{section.2.2}% 12
\BOOKMARK [1][]{section.2.3}{2.3\040OpenCV}{chapter.2}% 13
\BOOKMARK [2][]{subsection.2.3.1}{2.3.1 Windows和linux}{section.2.3}% 14
\BOOKMARK [2][]{subsection.2.3.2}{2.3.2\040OSX}{section.2.3}% 15
\BOOKMARK [1][]{section.2.4}{2.4\040Mahotas}{chapter.2}% 16
\BOOKMARK [2][]{subsection.2.4.1}{2.4.1 全平台}{section.2.4}% 17
\BOOKMARK [2][]{subsection.2.4.2}{2.4.2 跳过安装}{section.2.4}% 18
\BOOKMARK [0][]{chapter.3}{3 载入、显示及保存}{}% 19
\BOOKMARK [0][]{chapter.4}{4 图像基础}{}% 20
\BOOKMARK [0][]{chapter.5}{5 特征编码}{}% 21
\BOOKMARK [1][]{section.5.1}{5.1 BoF词袋模型}{chapter.5}% 22
\BOOKMARK [1][]{section.5.2}{5.2 VLAD局部聚合向量}{chapter.5}% 23
\BOOKMARK [1][]{section.5.3}{5.3\040Fisher\040Vector}{chapter.5}% 24
\BOOKMARK [2][]{subsection.5.3.1}{5.3.1\040VLAD}{section.5.3}% 25
\BOOKMARK [0][]{chapter.6}{6 ANN搜索}{}% 26
\BOOKMARK [1][]{subsection.6.0.1}{6.0.1 矩阵相乘}{chapter.6}% 27
\BOOKMARK [2][]{subsection.6.0.2}{6.0.2 基于树的方法}{subsection.6.0.1}% 28
\BOOKMARK [2][]{subsection.6.0.3}{6.0.3 哈希方法}{subsection.6.0.1}% 29
\BOOKMARK [1][]{section.6.1}{6.1 拓展查询}{chapter.6}% 30
\BOOKMARK [0][]{chapter*.4}{参考文献}{}% 31
