mktextfm STZhongsong/OT
mktextfm STZhongsong/OT
mktextfm STZhongsong/OT
mktextfm STZhongsong/BI/OT
mktextfm STZhongsong/OT
mktextfm STZhongsong/OT
mktextfm FZSXSLKJW--GB1-0/OT
mktextfm FZSXSLKJW--GB1-0/OT
mktextfm FZSXSLKJW--GB1-0/OT
mktextfm FZSXSLKJW--GB1-0/BI/OT
mktextfm FZSXSLKJW--GB1-0/OT
mktextfm FZSXSLKJW--GB1-0/B/OT
mktextfm FZSXSLKJW--GB1-0/OT
mktextfm FZSXSLKJW--GB1-0/I/OT
mktextfm FZSXSLKJW--GB1-0/OT
mktextfm FZSXSLKJW--GB1-0/OT
mktextfm FZSXSLKJW--GB1-0/OT
mktextfm STZhongsong/OT
mktextfm FZZDXJW--GB1-0/OT
mktextfm FZZDXJW--GB1-0/OT
mktextfm FZZDXJW--GB1-0/OT
mktextfm FZZDXJW--GB1-0/BI/OT
mktextfm FZZDXJW--GB1-0/OT
mktextfm FZZDXJW--GB1-0/I/OT
mktextfm FZZDXJW--GB1-0/OT
mktextfm FZZDXJW--GB1-0/OT
mktextfm FZQTJW--GB1-0/OT
mktextfm FZQTJW--GB1-0/OT
mktextfm FZQTJW--GB1-0/OT
mktextfm FZQTJW--GB1-0/BI/OT
mktextfm FZQTJW--GB1-0/OT
mktextfm FZQTJW--GB1-0/B/OT
mktextfm FZQTJW--GB1-0/OT
mktextfm FZQTJW--GB1-0/I/OT
mktextfm FZQTJW--GB1-0/OT
mktextfm FZQTJW--GB1-0/OT
mktextfm STZhongsong/OT
mktextfm STZhongsong/OT
mktextfm STZhongsong/OT
mktextfm STZhongsong/BI/OT
mktextfm STZhongsong/OT
mktextfm STZhongsong/OT
mktextfm FZSXSLKJW--GB1-0/OT
mktextfm FZSXSLKJW--GB1-0/OT
mktextfm FZSXSLKJW--GB1-0/OT
mktextfm FZSXSLKJW--GB1-0/BI/OT
mktextfm FZSXSLKJW--GB1-0/OT
mktextfm FZSXSLKJW--GB1-0/B/OT
mktextfm FZSXSLKJW--GB1-0/OT
mktextfm FZSXSLKJW--GB1-0/I/OT
mktextfm FZSXSLKJW--GB1-0/OT
mktextfm FZSXSLKJW--GB1-0/OT
mktextfm FZSXSLKJW--GB1-0/OT
mktextfm STZhongsong/OT
mktextfm FZZDXJW--GB1-0/OT
mktextfm FZZDXJW--GB1-0/OT
mktextfm FZZDXJW--GB1-0/OT
mktextfm FZZDXJW--GB1-0/BI/OT
mktextfm FZZDXJW--GB1-0/OT
mktextfm FZZDXJW--GB1-0/I/OT
mktextfm FZZDXJW--GB1-0/OT
mktextfm FZZDXJW--GB1-0/OT
mktextfm FZQTJW--GB1-0/OT
mktextfm FZQTJW--GB1-0/OT
mktextfm FZQTJW--GB1-0/OT
mktextfm FZQTJW--GB1-0/BI/OT
mktextfm FZQTJW--GB1-0/OT
mktextfm FZQTJW--GB1-0/B/OT
mktextfm FZQTJW--GB1-0/OT
mktextfm FZQTJW--GB1-0/I/OT
mktextfm FZQTJW--GB1-0/OT
mktextfm FZQTJW--GB1-0/OT
mktextfm STZhongsong/OT
mktextfm STZhongsong/OT
mktextfm STZhongsong/OT
mktextfm STZhongsong/BI/OT
mktextfm STZhongsong/OT
mktextfm STZhongsong/OT
mktextfm FZSXSLKJW--GB1-0/OT
mktextfm FZSXSLKJW--GB1-0/OT
mktextfm FZSXSLKJW--GB1-0/OT
mktextfm FZSXSLKJW--GB1-0/BI/OT
mktextfm FZSXSLKJW--GB1-0/OT
mktextfm FZSXSLKJW--GB1-0/B/OT
mktextfm FZSXSLKJW--GB1-0/OT
mktextfm FZSXSLKJW--GB1-0/I/OT
mktextfm FZSXSLKJW--GB1-0/OT
mktextfm FZSXSLKJW--GB1-0/OT
mktextfm FZSXSLKJW--GB1-0/OT
mktextfm STZhongsong/OT
mktextfm FZZDXJW--GB1-0/OT
mktextfm FZZDXJW--GB1-0/OT
mktextfm FZZDXJW--GB1-0/OT
mktextfm FZZDXJW--GB1-0/BI/OT
mktextfm FZZDXJW--GB1-0/OT
mktextfm FZZDXJW--GB1-0/I/OT
mktextfm FZZDXJW--GB1-0/OT
mktextfm FZZDXJW--GB1-0/OT
mktextfm FZQTJW--GB1-0/OT
mktextfm FZQTJW--GB1-0/OT
mktextfm FZQTJW--GB1-0/OT
mktextfm FZQTJW--GB1-0/BI/OT
mktextfm FZQTJW--GB1-0/OT
mktextfm FZQTJW--GB1-0/B/OT
mktextfm FZQTJW--GB1-0/OT
mktextfm FZQTJW--GB1-0/I/OT
mktextfm FZQTJW--GB1-0/OT
mktextfm FZQTJW--GB1-0/OT
mktextfm STZhongsong/OT
mktextfm STZhongsong/OT
mktextfm STZhongsong/OT
mktextfm STZhongsong/BI/OT
mktextfm STZhongsong/OT
mktextfm STZhongsong/OT
mktextfm FZSXSLKJW--GB1-0/OT
mktextfm FZSXSLKJW--GB1-0/OT
mktextfm FZSXSLKJW--GB1-0/OT
mktextfm FZSXSLKJW--GB1-0/BI/OT
mktextfm FZSXSLKJW--GB1-0/OT
mktextfm FZSXSLKJW--GB1-0/B/OT
mktextfm FZSXSLKJW--GB1-0/OT
mktextfm FZSXSLKJW--GB1-0/I/OT
mktextfm FZSXSLKJW--GB1-0/OT
mktextfm FZSXSLKJW--GB1-0/OT
mktextfm FZSXSLKJW--GB1-0/OT
mktextfm STZhongsong/OT
mktextfm FZZDXJW--GB1-0/OT
mktextfm FZZDXJW--GB1-0/OT
mktextfm FZZDXJW--GB1-0/OT
mktextfm FZZDXJW--GB1-0/BI/OT
mktextfm FZZDXJW--GB1-0/OT
mktextfm FZZDXJW--GB1-0/I/OT
mktextfm FZZDXJW--GB1-0/OT
mktextfm FZZDXJW--GB1-0/OT
mktextfm FZQTJW--GB1-0/OT
mktextfm FZQTJW--GB1-0/OT
mktextfm FZQTJW--GB1-0/OT
mktextfm FZQTJW--GB1-0/BI/OT
mktextfm FZQTJW--GB1-0/OT
mktextfm FZQTJW--GB1-0/B/OT
mktextfm FZQTJW--GB1-0/OT
mktextfm FZQTJW--GB1-0/I/OT
mktextfm FZQTJW--GB1-0/OT
mktextfm FZQTJW--GB1-0/OT
mktextfm STZhongsong/OT
mktextfm STZhongsong/OT
mktextfm STZhongsong/OT
mktextfm STZhongsong/BI/OT
mktextfm STZhongsong/OT
mktextfm STZhongsong/OT
mktextfm STZhongsong/OT
mktextfm STZhongsong/OT
mktextfm STZhongsong/OT
mktextfm STZhongsong/OT
mktextfm STZhongsong/BI/OT
mktextfm STZhongsong/OT
mktextfm STZhongsong/OT
mktextfm STZhongsong/OT
